====================== Welcome to MVP ======================
      A Memory-efficient, Visualization-enhanced, and       
             Parallel-accelerated Tool For GWAS             
                    __  __  __   __  ___                    
                   |  \/  | \ \ / / | _ \                   
                   | |\/| |  \ V /  |  _/                   
                   |_|  |_|   \_/   |_|     Version: 1.0.7  
  Designed and Maintained by Lilin Yin, Haohao Zhang, and   
  Xiaolei Liu                                               
  Contributors: Zhenshuang Tang, Jingya Xu, Dong Yin,       
  Zhiwu Zhang, Xiaohui Yuan, Mengjin Zhu, Shuhong Zhao,     
  Xinyun Li                                                 
  Contact: xiaoleiliu@mail.hzau.edu.cn                      
============================================================
Start: 2023-11-22 11:20:16.52315 
The log has been output to the file: /Users/nathanma/Documents/workshop/Workshop_UNL/03GWAS_rMVP/MVP.20231122_112016.log 
Input data has 278 individuals, 246131 markers 
Analyzed trait: Cold_Day_3 
Number of threads used: 8 
Total 101 individuals removed due to missings 
Eigen Decomposition on GRM 
Deriving PCs successfully 
Number of PCs included in GLM: 3 
Number of PCs included in MLM: 3 
Number of PCs included in FarmCPU: 3 
-------------------------GWAS Start------------------------- 
General Linear Model (GLM) Start... 
scanning...
Genomic inflation factor (lambda): 1.0148 
Writing results to local file 
Mixed Linear Model (MLM) Start... 
Variance components using: BRENT 
Estimated Vg and Ve: 2.657978 8.309989 
scanning...
Genomic inflation factor (lambda): 0.8795 
Writing results to local file 
FarmCPU Start... 
Current loop: 1 out of maximum of 10 
seqQTN: 
NULL 
number of covariates in current loop is: 
3 
scanning... 
Current loop: 2 out of maximum of 10 
Optimizing Pseudo QTNs... 
seqQTN: 
155191 39992 127176 186245 91452 166533 208165 176932 134381 
number of covariates in current loop is: 
12 
scanning... 
Current loop: 3 out of maximum of 10 
Optimizing Pseudo QTNs... 
seqQTN: 
176932 71951 155191 219502 56850 137163 228995 76601 85533 39992 166533 127176 208165 186245 134381 91452 
number of covariates in current loop is: 
19 
scanning... 
Current loop: 4 out of maximum of 10 
Optimizing Pseudo QTNs... 
seqQTN: 
166533 219502 176932 137163 71951 191954 155191 114319 217037 39992 186245 127176 56850 85533 208165 228995 134381 76601 91452 
number of covariates in current loop is: 
22 
scanning... 
Current loop: 5 out of maximum of 10 
Optimizing Pseudo QTNs... 
seqQTN: 
71951 176932 219502 166533 127176 137163 186245 155191 39992 114319 56850 228995 217037 134381 191954 85533 76601 208165 91452 
number of covariates in current loop is: 
22 
scanning... 
Genomic inflation factor (lambda): 0.8523 
Writing results to local file 
Significant level: 2.03e-07 
---------------------Visualization Start-------------------- 
Phenotype distribution Plotting 
PCA plot2d 
SNP_Density Plotting 
Circular_Manhattan Plotting Cold_Day_3.GLM 
Circular_Manhattan Plotting Cold_Day_3.MLM 
Circular_Manhattan Plotting Cold_Day_3.FarmCPU 
Rectangular_Manhattan Plotting Cold_Day_3.GLM 
Rectangular_Manhattan Plotting Cold_Day_3.MLM 
Rectangular_Manhattan Plotting Cold_Day_3.FarmCPU 
Q_Q Plotting Cold_Day_3.GLM 
Q_Q Plotting Cold_Day_3.MLM 
Q_Q Plotting Cold_Day_3.FarmCPU 
Multracks_Rectangular Plotting Cold_Day_3.GLM 
Multracks_Rectangular Plotting Cold_Day_3.MLM 
Multracks_Rectangular Plotting Cold_Day_3.FarmCPU 
Multracks_QQ Plotting Cold_Day_3.GLM 
Multracks_QQ Plotting Cold_Day_3.MLM 
Multracks_QQ Plotting Cold_Day_3.FarmCPU 
Multraits_QQ Plotting Cold_Day_3.GLM 
Multraits_QQ Plotting Cold_Day_3.MLM 
Multraits_QQ Plotting Cold_Day_3.FarmCPU 
Results are stored at Working Directory: /Users/nathanma/Documents/workshop/Workshop_UNL/03GWAS_rMVP 
End: 2023-11-22 11:22:19.768658 
===================== MVP ACCOMPLISHED ===================== 
PCA plot2d 
Rectangular_Manhattan Plotting Cold_Day_3.GLM 
Rectangular_Manhattan Plotting Cold_Day_3.MLM 
Rectangular_Manhattan Plotting Cold_Day_3.FarmCPU 
